Manim Community v0.18.1

[10/30/25 23:17:17] INFO     Animation 0 : Partial     scene_file_writer.py:527
                             movie file written in                             
                             'C:\Users\FerFisX\Desktop                         
                             \VideoGenerator\app\stora                         
                             ge\local_store\0caf0f34\m                         
                             edia\videos\manim_code\48                         
                             0p15\partial_movie_files\                         
                             SolutionScene\1185818338_                         
                             2368653570_223132457.mp4'                         
                    INFO     Animation 1 : Partial     scene_file_writer.py:527
                             movie file written in                             
                             'C:\Users\FerFisX\Desktop                         
                             \VideoGenerator\app\stora                         
                             ge\local_store\0caf0f34\m                         
                             edia\videos\manim_code\48                         
                             0p15\partial_movie_files\                         
                             SolutionScene\624642324_1                         
                             959358871_2608046412.mp4'                         
[10/30/25 23:17:18] INFO     Animation 2 : Partial     scene_file_writer.py:527
                             movie file written in                             
                             'C:\Users\FerFisX\Desktop                         
                             \VideoGenerator\app\stora                         
                             ge\local_store\0caf0f34\m                         
                             edia\videos\manim_code\48                         
                             0p15\partial_movie_files\                         
                             SolutionScene\624642324_1                         
                             899260051_3840721488.mp4'                         
[10/30/25 23:17:20] INFO     Animation 3 : Partial     scene_file_writer.py:527
                             movie file written in                             
                             'C:\Users\FerFisX\Desktop                         
                             \VideoGenerator\app\stora                         
                             ge\local_store\0caf0f34\m                         
                             edia\videos\manim_code\48                         
                             0p15\partial_movie_files\                         
                             SolutionScene\624642324_9                         
                             95077517_4131132508.mp4'                          
[10/30/25 23:17:21] INFO     Animation 4 : Partial     scene_file_writer.py:527
                             movie file written in                             
                             'C:\Users\FerFisX\Desktop                         
                             \VideoGenerator\app\stora                         
                             ge\local_store\0caf0f34\m                         
                             edia\videos\manim_code\48                         
                             0p15\partial_movie_files\                         
                             SolutionScene\624642324_3                         
                             85394866_454654594.mp4'                           
[10/30/25 23:17:23] INFO     Animation 5 : Partial     scene_file_writer.py:527
                             movie file written in                             
                             'C:\Users\FerFisX\Desktop                         
                             \VideoGenerator\app\stora                         
                             ge\local_store\0caf0f34\m                         
                             edia\videos\manim_code\48                         
                             0p15\partial_movie_files\                         
                             SolutionScene\624642324_3                         
                             523270736_3493862274.mp4'                         
[10/30/25 23:17:24] INFO     Animation 6 : Partial     scene_file_writer.py:527
                             movie file written in                             
                             'C:\Users\FerFisX\Desktop                         
                             \VideoGenerator\app\stora                         
                             ge\local_store\0caf0f34\m                         
                             edia\videos\manim_code\48                         
                             0p15\partial_movie_files\                         
                             SolutionScene\624642324_1                         
                             959358871_2953756454.mp4'                         
[10/30/25 23:17:26] INFO     Animation 7 : Partial     scene_file_writer.py:527
                             movie file written in                             
                             'C:\Users\FerFisX\Desktop                         
                             \VideoGenerator\app\stora                         
                             ge\local_store\0caf0f34\m                         
                             edia\videos\manim_code\48                         
                             0p15\partial_movie_files\                         
                             SolutionScene\624642324_1                         
                             576565274_574630669.mp4'                          
                    INFO     Animation 8 : Partial     scene_file_writer.py:527
                             movie file written in                             
                             'C:\Users\FerFisX\Desktop                         
                             \VideoGenerator\app\stora                         
                             ge\local_store\0caf0f34\m                         
                             edia\videos\manim_code\48                         
                             0p15\partial_movie_files\                         
                             SolutionScene\624642324_3                         
                             204950668_758497372.mp4'                          
[10/30/25 23:17:28] INFO     Animation 9 : Partial     scene_file_writer.py:527
                             movie file written in                             
                             'C:\Users\FerFisX\Desktop                         
                             \VideoGenerator\app\stora                         
                             ge\local_store\0caf0f34\m                         
                             edia\videos\manim_code\48                         
                             0p15\partial_movie_files\                         
                             SolutionScene\624642324_4                         
                             036405528_3365506397.mp4'                         
[10/30/25 23:17:30] INFO     Animation 10 : Partial    scene_file_writer.py:527
                             movie file written in                             
                             'C:\Users\FerFisX\Desktop                         
                             \VideoGenerator\app\stora                         
                             ge\local_store\0caf0f34\m                         
                             edia\videos\manim_code\48                         
                             0p15\partial_movie_files\                         
                             SolutionScene\624642324_3                         
                             220071071_4112091792.mp4'                         
[10/30/25 23:17:31] INFO     Animation 11 : Partial    scene_file_writer.py:527
                             movie file written in                             
                             'C:\Users\FerFisX\Desktop                         
                             \VideoGenerator\app\stora                         
                             ge\local_store\0caf0f34\m                         
                             edia\videos\manim_code\48                         
                             0p15\partial_movie_files\                         
                             SolutionScene\624642324_1                         
                             959358871_3981294441.mp4'                         
[10/30/25 23:17:33] INFO     Animation 12 : Partial    scene_file_writer.py:527
                             movie file written in                             
                             'C:\Users\FerFisX\Desktop                         
                             \VideoGenerator\app\stora                         
                             ge\local_store\0caf0f34\m                         
                             edia\videos\manim_code\48                         
                             0p15\partial_movie_files\                         
                             SolutionScene\624642324_6                         
                             65638163_3225202723.mp4'                          
[10/30/25 23:17:34] INFO     Animation 13 : Partial    scene_file_writer.py:527
                             movie file written in                             
                             'C:\Users\FerFisX\Desktop                         
                             \VideoGenerator\app\stora                         
                             ge\local_store\0caf0f34\m                         
                             edia\videos\manim_code\48                         
                             0p15\partial_movie_files\                         
                             SolutionScene\624642324_2                         
                             903569832_648508397.mp4'                          
[10/30/25 23:17:35] INFO     Animation 14 : Partial    scene_file_writer.py:527
                             movie file written in                             
                             'C:\Users\FerFisX\Desktop                         
                             \VideoGenerator\app\stora                         
                             ge\local_store\0caf0f34\m                         
                             edia\videos\manim_code\48                         
                             0p15\partial_movie_files\                         
                             SolutionScene\624642324_1                         
                             795488206_663580766.mp4'                          
[10/30/25 23:17:38] INFO     Animation 15 : Partial    scene_file_writer.py:527
                             movie file written in                             
                             'C:\Users\FerFisX\Desktop                         
                             \VideoGenerator\app\stora                         
                             ge\local_store\0caf0f34\m                         
                             edia\videos\manim_code\48                         
                             0p15\partial_movie_files\                         
                             SolutionScene\624642324_3                         
                             037980264_1872618900.mp4'                         
[10/30/25 23:17:39] INFO     Animation 16 : Partial    scene_file_writer.py:527
                             movie file written in                             
                             'C:\Users\FerFisX\Desktop                         
                             \VideoGenerator\app\stora                         
                             ge\local_store\0caf0f34\m                         
                             edia\videos\manim_code\48                         
                             0p15\partial_movie_files\                         
                             SolutionScene\624642324_1                         
                             959358871_3459797067.mp4'                         
[10/30/25 23:17:41] INFO     Animation 17 : Partial    scene_file_writer.py:527
                             movie file written in                             
                             'C:\Users\FerFisX\Desktop                         
                             \VideoGenerator\app\stora                         
                             ge\local_store\0caf0f34\m                         
                             edia\videos\manim_code\48                         
                             0p15\partial_movie_files\                         
                             SolutionScene\624642324_3                         
                             502317515_1440186541.mp4'                         
[10/30/25 23:17:42] INFO     Animation 18 : Partial    scene_file_writer.py:527
                             movie file written in                             
                             'C:\Users\FerFisX\Desktop                         
                             \VideoGenerator\app\stora                         
                             ge\local_store\0caf0f34\m                         
                             edia\videos\manim_code\48                         
                             0p15\partial_movie_files\                         
                             SolutionScene\624642324_1                         
                             384903550_2353627841.mp4'                         
                    INFO     Animation 19 : Partial    scene_file_writer.py:527
                             movie file written in                             
                             'C:\Users\FerFisX\Desktop                         
                             \VideoGenerator\app\stora                         
                             ge\local_store\0caf0f34\m                         
                             edia\videos\manim_code\48                         
                             0p15\partial_movie_files\                         
                             SolutionScene\624642324_1                         
                             141282389_445812487.mp4'                          
                    INFO     Combining to Movie file.  scene_file_writer.py:617
                    INFO                               scene_file_writer.py:737
                             File ready at                                     
                             'C:\Users\FerFisX\Desktop                         
                             \VideoGenerator\app\stora                         
                             ge\local_store\0caf0f34\m                         
                             edia\videos\manim_code\48                         
                             0p15\video.mp4'                                   
                                                                               
                    INFO     Rendered SolutionScene                scene.py:247
                             Played 20 animations                              
You are using manim version v0.18.1, but version v0.19.0 is available.
You should consider upgrading via pip install -U manim
