Manim Community v0.18.1

[10/30/25 23:37:17] INFO     Animation 0 : Partial     scene_file_writer.py:527
                             movie file written in                             
                             'C:\Users\FerFisX\Desktop                         
                             \VideoGenerator\app\stora                         
                             ge\local_store\b9c5709c\m                         
                             edia\videos\manim_code\48                         
                             0p15\partial_movie_files\                         
                             SolutionScene\1185818338_                         
                             3815416448_223132457.mp4'                         
                    INFO     Animation 1 : Partial     scene_file_writer.py:527
                             movie file written in                             
                             'C:\Users\FerFisX\Desktop                         
                             \VideoGenerator\app\stora                         
                             ge\local_store\b9c5709c\m                         
                             edia\videos\manim_code\48                         
                             0p15\partial_movie_files\                         
                             SolutionScene\624642324_1                         
                             959358871_347541637.mp4'                          
[10/30/25 23:37:18] INFO     Animation 2 : Partial     scene_file_writer.py:527
                             movie file written in                             
                             'C:\Users\FerFisX\Desktop                         
                             \VideoGenerator\app\stora                         
                             ge\local_store\b9c5709c\m                         
                             edia\videos\manim_code\48                         
                             0p15\partial_movie_files\                         
                             SolutionScene\624642324_2                         
                             001964089_2927868157.mp4'                         
[10/30/25 23:37:20] INFO     Animation 3 : Partial     scene_file_writer.py:527
                             movie file written in                             
                             'C:\Users\FerFisX\Desktop                         
                             \VideoGenerator\app\stora                         
                             ge\local_store\b9c5709c\m                         
                             edia\videos\manim_code\48                         
                             0p15\partial_movie_files\                         
                             SolutionScene\624642324_6                         
                             96223316_4131132508.mp4'                          
[10/30/25 23:37:21] INFO     Animation 4 : Partial     scene_file_writer.py:527
                             movie file written in                             
                             'C:\Users\FerFisX\Desktop                         
                             \VideoGenerator\app\stora                         
                             ge\local_store\b9c5709c\m                         
                             edia\videos\manim_code\48                         
                             0p15\partial_movie_files\                         
                             SolutionScene\624642324_3                         
                             85394866_476575369.mp4'                           
[10/30/25 23:37:23] INFO     Animation 5 : Partial     scene_file_writer.py:527
                             movie file written in                             
                             'C:\Users\FerFisX\Desktop                         
                             \VideoGenerator\app\stora                         
                             ge\local_store\b9c5709c\m                         
                             edia\videos\manim_code\48                         
                             0p15\partial_movie_files\                         
                             SolutionScene\624642324_3                         
                             523270736_1356732982.mp4'                         
[10/30/25 23:37:24] INFO     Animation 6 : Partial     scene_file_writer.py:527
                             movie file written in                             
                             'C:\Users\FerFisX\Desktop                         
                             \VideoGenerator\app\stora                         
                             ge\local_store\b9c5709c\m                         
                             edia\videos\manim_code\48                         
                             0p15\partial_movie_files\                         
                             SolutionScene\624642324_1                         
                             959358871_345408226.mp4'                          
[10/30/25 23:37:25] INFO     Animation 7 : Partial     scene_file_writer.py:527
                             movie file written in                             
                             'C:\Users\FerFisX\Desktop                         
                             \VideoGenerator\app\stora                         
                             ge\local_store\b9c5709c\m                         
                             edia\videos\manim_code\48                         
                             0p15\partial_movie_files\                         
                             SolutionScene\624642324_2                         
                             994251719_574630669.mp4'                          
[10/30/25 23:37:27] INFO     Animation 8 : Partial     scene_file_writer.py:527
                             movie file written in                             
                             'C:\Users\FerFisX\Desktop                         
                             \VideoGenerator\app\stora                         
                             ge\local_store\b9c5709c\m                         
                             edia\videos\manim_code\48                         
                             0p15\partial_movie_files\                         
                             SolutionScene\624642324_2                         
                             71255528_758497372.mp4'                           
[10/30/25 23:37:28] INFO     Animation 9 : Partial     scene_file_writer.py:527
                             movie file written in                             
                             'C:\Users\FerFisX\Desktop                         
                             \VideoGenerator\app\stora                         
                             ge\local_store\b9c5709c\m                         
                             edia\videos\manim_code\48                         
                             0p15\partial_movie_files\                         
                             SolutionScene\624642324_1                         
                             157647331_1484138862.mp4'                         
[10/30/25 23:37:31] INFO     Animation 10 : Partial    scene_file_writer.py:527
                             movie file written in                             
                             'C:\Users\FerFisX\Desktop                         
                             \VideoGenerator\app\stora                         
                             ge\local_store\b9c5709c\m                         
                             edia\videos\manim_code\48                         
                             0p15\partial_movie_files\                         
                             SolutionScene\624642324_1                         
                             609080114_4193386752.mp4'                         
[10/30/25 23:37:32] INFO     Animation 11 : Partial    scene_file_writer.py:527
                             movie file written in                             
                             'C:\Users\FerFisX\Desktop                         
                             \VideoGenerator\app\stora                         
                             ge\local_store\b9c5709c\m                         
                             edia\videos\manim_code\48                         
                             0p15\partial_movie_files\                         
                             SolutionScene\624642324_1                         
                             959358871_1099123086.mp4'                         
[10/30/25 23:37:34] INFO     Animation 12 : Partial    scene_file_writer.py:527
                             movie file written in                             
                             'C:\Users\FerFisX\Desktop                         
                             \VideoGenerator\app\stora                         
                             ge\local_store\b9c5709c\m                         
                             edia\videos\manim_code\48                         
                             0p15\partial_movie_files\                         
                             SolutionScene\624642324_6                         
                             3018865_3225202723.mp4'                           
[10/30/25 23:37:36] INFO     Animation 13 : Partial    scene_file_writer.py:527
                             movie file written in                             
                             'C:\Users\FerFisX\Desktop                         
                             \VideoGenerator\app\stora                         
                             ge\local_store\b9c5709c\m                         
                             edia\videos\manim_code\48                         
                             0p15\partial_movie_files\                         
                             SolutionScene\624642324_3                         
                             06063533_648508397.mp4'                           
[10/30/25 23:37:37] INFO     Animation 14 : Partial    scene_file_writer.py:527
                             movie file written in                             
                             'C:\Users\FerFisX\Desktop                         
                             \VideoGenerator\app\stora                         
                             ge\local_store\b9c5709c\m                         
                             edia\videos\manim_code\48                         
                             0p15\partial_movie_files\                         
                             SolutionScene\624642324_2                         
                             17392546_2965630564.mp4'                          
[10/30/25 23:37:40] INFO     Animation 15 : Partial    scene_file_writer.py:527
                             movie file written in                             
                             'C:\Users\FerFisX\Desktop                         
                             \VideoGenerator\app\stora                         
                             ge\local_store\b9c5709c\m                         
                             edia\videos\manim_code\48                         
                             0p15\partial_movie_files\                         
                             SolutionScene\624642324_1                         
                             034452670_1669060014.mp4'                         
[10/30/25 23:37:41] INFO     Animation 16 : Partial    scene_file_writer.py:527
                             movie file written in                             
                             'C:\Users\FerFisX\Desktop                         
                             \VideoGenerator\app\stora                         
                             ge\local_store\b9c5709c\m                         
                             edia\videos\manim_code\48                         
                             0p15\partial_movie_files\                         
                             SolutionScene\624642324_1                         
                             959358871_3828359522.mp4'                         
[10/30/25 23:37:44] INFO     Animation 17 : Partial    scene_file_writer.py:527
                             movie file written in                             
                             'C:\Users\FerFisX\Desktop                         
                             \VideoGenerator\app\stora                         
                             ge\local_store\b9c5709c\m                         
                             edia\videos\manim_code\48                         
                             0p15\partial_movie_files\                         
                             SolutionScene\624642324_2                         
                             139935877_1440186541.mp4'                         
[10/30/25 23:37:46] INFO     Animation 18 : Partial    scene_file_writer.py:527
                             movie file written in                             
                             'C:\Users\FerFisX\Desktop                         
                             \VideoGenerator\app\stora                         
                             ge\local_store\b9c5709c\m                         
                             edia\videos\manim_code\48                         
                             0p15\partial_movie_files\                         
                             SolutionScene\624642324_2                         
                             489132899_2353627841.mp4'                         
[10/30/25 23:37:47] INFO     Animation 19 : Partial    scene_file_writer.py:527
                             movie file written in                             
                             'C:\Users\FerFisX\Desktop                         
                             \VideoGenerator\app\stora                         
                             ge\local_store\b9c5709c\m                         
                             edia\videos\manim_code\48                         
                             0p15\partial_movie_files\                         
                             SolutionScene\624642324_1                         
                             141282389_3547270040.mp4'                         
                    INFO     Combining to Movie file.  scene_file_writer.py:617
                    INFO                               scene_file_writer.py:737
                             File ready at                                     
                             'C:\Users\FerFisX\Desktop                         
                             \VideoGenerator\app\stora                         
                             ge\local_store\b9c5709c\m                         
                             edia\videos\manim_code\48                         
                             0p15\video.mp4'                                   
                                                                               
                    INFO     Rendered SolutionScene                scene.py:247
                             Played 20 animations                              
You are using manim version v0.18.1, but version v0.19.0 is available.
You should consider upgrading via pip install -U manim
