
Animation 0: Write(Text('Problema: 9*x**2 + 6*x + 3 = 0')):   0%|          | 0/30 [00:00<?, ?it/s]
Animation 0: Write(Text('Problema: 9*x**2 + 6*x + 3 = 0')):  23%|##3       | 7/30 [00:00<00:00, 68.14it/s]
Animation 0: Write(Text('Problema: 9*x**2 + 6*x + 3 = 0')):  47%|####6     | 14/30 [00:00<00:00, 67.76it/s]
Animation 0: Write(Text('Problema: 9*x**2 + 6*x + 3 = 0')):  70%|#######   | 21/30 [00:00<00:00, 60.69it/s]
Animation 0: Write(Text('Problema: 9*x**2 + 6*x + 3 = 0')):  93%|#########3| 28/30 [00:00<00:00, 56.93it/s]
                                                                                                           

Animation 2: FadeOut(Text('Problema: 9*x**2 + 6*x + 3 = 0')):   0%|          | 0/15 [00:00<?, ?it/s]
Animation 2: FadeOut(Text('Problema: 9*x**2 + 6*x + 3 = 0')):  40%|####      | 6/15 [00:00<00:00, 57.14it/s]
Animation 2: FadeOut(Text('Problema: 9*x**2 + 6*x + 3 = 0')):  80%|########  | 12/15 [00:00<00:00, 55.88it/s]
                                                                                                             

Animation 3: Write(Text('Paso 1: 3*(3*x**2 + 2*x + 1) = 0')):   0%|          | 0/30 [00:00<?, ?it/s]
Animation 3: Write(Text('Paso 1: 3*(3*x**2 + 2*x + 1) = 0')):  27%|##6       | 8/30 [00:00<00:00, 72.59it/s]
Animation 3: Write(Text('Paso 1: 3*(3*x**2 + 2*x + 1) = 0')):  53%|#####3    | 16/30 [00:00<00:00, 68.75it/s]
Animation 3: Write(Text('Paso 1: 3*(3*x**2 + 2*x + 1) = 0')):  77%|#######6  | 23/30 [00:00<00:00, 68.49it/s]
Animation 3: Write(Text('Paso 1: 3*(3*x**2 + 2*x + 1) = 0')): 100%|##########| 30/30 [00:00<00:00, 68.10it/s]
                                                                                                             

Animation 4: Write(Text('Regla: factorización')):   0%|          | 0/30 [00:00<?, ?it/s]
Animation 4: Write(Text('Regla: factorización')):  27%|##6       | 8/30 [00:00<00:00, 77.88it/s]
Animation 4: Write(Text('Regla: factorización')):  57%|#####6    | 17/30 [00:00<00:00, 76.80it/s]
Animation 4: Write(Text('Regla: factorización')):  83%|########3 | 25/30 [00:00<00:00, 71.80it/s]
                                                                                                 

Animation 5: Write(Text('Factorizamos el trinomio en dos binomios.')):   0%|          | 0/30 [00:00<?, ?it/s]
Animation 5: Write(Text('Factorizamos el trinomio en dos binomios.')):  20%|##        | 6/30 [00:00<00:00, 56.22it/s]
Animation 5: Write(Text('Factorizamos el trinomio en dos binomios.')):  40%|####      | 12/30 [00:00<00:00, 54.14it/s]
Animation 5: Write(Text('Factorizamos el trinomio en dos binomios.')):  60%|######    | 18/30 [00:00<00:00, 50.24it/s]
Animation 5: Write(Text('Factorizamos el trinomio en dos binomios.')):  80%|########  | 24/30 [00:00<00:00, 48.50it/s]
Animation 5: Write(Text('Factorizamos el trinomio en dos binomios.')):  97%|#########6| 29/30 [00:00<00:00, 48.75it/s]
                                                                                                                      

Animation 7: FadeOut(Group):   0%|          | 0/15 [00:00<?, ?it/s]
Animation 7: FadeOut(Group):  20%|##        | 3/15 [00:00<00:00, 24.46it/s]
Animation 7: FadeOut(Group):  40%|####      | 6/15 [00:00<00:00, 25.05it/s]
Animation 7: FadeOut(Group):  60%|######    | 9/15 [00:00<00:00, 24.23it/s]
Animation 7: FadeOut(Group):  80%|########  | 12/15 [00:00<00:00, 21.09it/s]
Animation 7: FadeOut(Group): 100%|##########| 15/15 [00:00<00:00, 22.73it/s]
                                                                            

Animation 8: Write(Text('Paso 2: x=-1/3 - sqrt(2)*I/3 o x=-1/3 + sqrt(2)*I/3')):   0%|          | 0/30 [00:00<?, ?it/s]
Animation 8: Write(Text('Paso 2: x=-1/3 - sqrt(2)*I/3 o x=-1/3 + sqrt(2)*I/3')):  20%|##        | 6/30 [00:00<00:00, 52.31it/s]
Animation 8: Write(Text('Paso 2: x=-1/3 - sqrt(2)*I/3 o x=-1/3 + sqrt(2)*I/3')):  40%|####      | 12/30 [00:00<00:00, 49.53it/s]
Animation 8: Write(Text('Paso 2: x=-1/3 - sqrt(2)*I/3 o x=-1/3 + sqrt(2)*I/3')):  60%|######    | 18/30 [00:00<00:00, 48.70it/s]
Animation 8: Write(Text('Paso 2: x=-1/3 - sqrt(2)*I/3 o x=-1/3 + sqrt(2)*I/3')):  77%|#######6  | 23/30 [00:00<00:00, 45.29it/s]
Animation 8: Write(Text('Paso 2: x=-1/3 - sqrt(2)*I/3 o x=-1/3 + sqrt(2)*I/3')):  97%|#########6| 29/30 [00:00<00:00, 46.45it/s]
                                                                                                                                

Animation 9: Write(Text('Regla: propiedad del producto nulo')):   0%|          | 0/30 [00:00<?, ?it/s]
Animation 9: Write(Text('Regla: propiedad del producto nulo')):  23%|##3       | 7/30 [00:00<00:00, 65.61it/s]
Animation 9: Write(Text('Regla: propiedad del producto nulo')):  47%|####6     | 14/30 [00:00<00:00, 55.26it/s]
Animation 9: Write(Text('Regla: propiedad del producto nulo')):  67%|######6   | 20/30 [00:00<00:00, 55.66it/s]
Animation 9: Write(Text('Regla: propiedad del producto nulo')):  87%|########6 | 26/30 [00:00<00:00, 55.68it/s]
                                                                                                               

Animation 10: Write(Text('Si un producto es cero, uno de los factores debe anularse.')):   0%|          | 0/30 [00:00<?, ?it/s]
Animation 10: Write(Text('Si un producto es cero, uno de los factores debe anularse.')):  17%|#6        | 5/30 [00:00<00:00, 49.16it/s]
Animation 10: Write(Text('Si un producto es cero, uno de los factores debe anularse.')):  33%|###3      | 10/30 [00:00<00:00, 43.62it/s]
Animation 10: Write(Text('Si un producto es cero, uno de los factores debe anularse.')):  50%|#####     | 15/30 [00:00<00:00, 42.27it/s]
Animation 10: Write(Text('Si un producto es cero, uno de los factores debe anularse.')):  67%|######6   | 20/30 [00:00<00:00, 40.99it/s]
Animation 10: Write(Text('Si un producto es cero, uno de los factores debe anularse.')):  83%|########3 | 25/30 [00:00<00:00, 37.48it/s]
Animation 10: Write(Text('Si un producto es cero, uno de los factores debe anularse.')):  97%|#########6| 29/30 [00:00<00:00, 37.38it/s]
                                                                                                                                        

Animation 12: FadeOut(Group):   0%|          | 0/15 [00:00<?, ?it/s]
Animation 12: FadeOut(Group):  13%|#3        | 2/15 [00:00<00:00, 16.17it/s]
Animation 12: FadeOut(Group):  33%|###3      | 5/15 [00:00<00:00, 19.12it/s]
Animation 12: FadeOut(Group):  53%|#####3    | 8/15 [00:00<00:00, 19.32it/s]
Animation 12: FadeOut(Group):  67%|######6   | 10/15 [00:00<00:00, 18.46it/s]
Animation 12: FadeOut(Group):  80%|########  | 12/15 [00:00<00:00, 17.87it/s]
Animation 12: FadeOut(Group):  93%|#########3| 14/15 [00:00<00:00, 17.54it/s]
                                                                             

Animation 13: Write(Text('Paso 3: x = -1/3 - sqrt(2)*I/3, x = -1/3 + sqrt(2)*I/3')):   0%|          | 0/30 [00:00<?, ?it/s]
Animation 13: Write(Text('Paso 3: x = -1/3 - sqrt(2)*I/3, x = -1/3 + sqrt(2)*I/3')):  17%|#6        | 5/30 [00:00<00:00, 45.58it/s]
Animation 13: Write(Text('Paso 3: x = -1/3 - sqrt(2)*I/3, x = -1/3 + sqrt(2)*I/3')):  33%|###3      | 10/30 [00:00<00:00, 39.96it/s]
Animation 13: Write(Text('Paso 3: x = -1/3 - sqrt(2)*I/3, x = -1/3 + sqrt(2)*I/3')):  50%|#####     | 15/30 [00:00<00:00, 40.32it/s]
Animation 13: Write(Text('Paso 3: x = -1/3 - sqrt(2)*I/3, x = -1/3 + sqrt(2)*I/3')):  67%|######6   | 20/30 [00:00<00:00, 43.40it/s]
Animation 13: Write(Text('Paso 3: x = -1/3 - sqrt(2)*I/3, x = -1/3 + sqrt(2)*I/3')):  83%|########3 | 25/30 [00:00<00:00, 43.60it/s]
Animation 13: Write(Text('Paso 3: x = -1/3 - sqrt(2)*I/3, x = -1/3 + sqrt(2)*I/3')): 100%|##########| 30/30 [00:00<00:00, 44.66it/s]
                                                                                                                                    

Animation 14: Write(Text('Regla: aislar la variable')):   0%|          | 0/30 [00:00<?, ?it/s]
Animation 14: Write(Text('Regla: aislar la variable')):  23%|##3       | 7/30 [00:00<00:00, 69.49it/s]
Animation 14: Write(Text('Regla: aislar la variable')):  47%|####6     | 14/30 [00:00<00:00, 65.67it/s]
Animation 14: Write(Text('Regla: aislar la variable')):  70%|#######   | 21/30 [00:00<00:00, 66.78it/s]
Animation 14: Write(Text('Regla: aislar la variable')):  93%|#########3| 28/30 [00:00<00:00, 65.33it/s]
                                                                                                       

Animation 15: Write(Text('Resolvemos cada ecuación lineal para encontrar los valores de la incógnita.')):   0%|          | 0/30 [00:00<?, ?it/s]
Animation 15: Write(Text('Resolvemos cada ecuación lineal para encontrar los valores de la incógnita.')):  13%|#3        | 4/30 [00:00<00:00, 36.46it/s]
Animation 15: Write(Text('Resolvemos cada ecuación lineal para encontrar los valores de la incógnita.')):  27%|##6       | 8/30 [00:00<00:00, 36.26it/s]
Animation 15: Write(Text('Resolvemos cada ecuación lineal para encontrar los valores de la incógnita.')):  40%|####      | 12/30 [00:00<00:00, 33.32it/s]
Animation 15: Write(Text('Resolvemos cada ecuación lineal para encontrar los valores de la incógnita.')):  53%|#####3    | 16/30 [00:00<00:00, 33.19it/s]
Animation 15: Write(Text('Resolvemos cada ecuación lineal para encontrar los valores de la incógnita.')):  67%|######6   | 20/30 [00:00<00:00, 31.98it/s]
Animation 15: Write(Text('Resolvemos cada ecuación lineal para encontrar los valores de la incógnita.')):  80%|########  | 24/30 [00:00<00:00, 29.31it/s]
Animation 15: Write(Text('Resolvemos cada ecuación lineal para encontrar los valores de la incógnita.')):  90%|######### | 27/30 [00:00<00:00, 27.90it/s]
Animation 15: Write(Text('Resolvemos cada ecuación lineal para encontrar los valores de la incógnita.')): 100%|##########| 30/30 [00:01<00:00, 26.96it/s]
                                                                                                                                                         

Animation 17: FadeOut(Group):   0%|          | 0/15 [00:00<?, ?it/s]
Animation 17: FadeOut(Group):  13%|#3        | 2/15 [00:00<00:00, 14.22it/s]
Animation 17: FadeOut(Group):  27%|##6       | 4/15 [00:00<00:00, 14.84it/s]
Animation 17: FadeOut(Group):  40%|####      | 6/15 [00:00<00:00, 15.98it/s]
Animation 17: FadeOut(Group):  53%|#####3    | 8/15 [00:00<00:00, 14.97it/s]
Animation 17: FadeOut(Group):  67%|######6   | 10/15 [00:00<00:00, 15.09it/s]
Animation 17: FadeOut(Group):  80%|########  | 12/15 [00:00<00:00, 15.09it/s]
Animation 17: FadeOut(Group):  93%|#########3| 14/15 [00:00<00:00, 15.23it/s]
                                                                             

Animation 18: Write(Text('Solución: x = -1/3 - sqrt(2)*I/3 , x = -1/3 + sqrt(2)*I/3')):   0%|          | 0/30 [00:00<?, ?it/s]
Animation 18: Write(Text('Solución: x = -1/3 - sqrt(2)*I/3 , x = -1/3 + sqrt(2)*I/3')):  17%|#6        | 5/30 [00:00<00:00, 47.31it/s]
Animation 18: Write(Text('Solución: x = -1/3 - sqrt(2)*I/3 , x = -1/3 + sqrt(2)*I/3')):  33%|###3      | 10/30 [00:00<00:00, 44.81it/s]
Animation 18: Write(Text('Solución: x = -1/3 - sqrt(2)*I/3 , x = -1/3 + sqrt(2)*I/3')):  50%|#####     | 15/30 [00:00<00:00, 43.89it/s]
Animation 18: Write(Text('Solución: x = -1/3 - sqrt(2)*I/3 , x = -1/3 + sqrt(2)*I/3')):  67%|######6   | 20/30 [00:00<00:00, 43.15it/s]
Animation 18: Write(Text('Solución: x = -1/3 - sqrt(2)*I/3 , x = -1/3 + sqrt(2)*I/3')):  83%|########3 | 25/30 [00:00<00:00, 43.58it/s]
Animation 18: Write(Text('Solución: x = -1/3 - sqrt(2)*I/3 , x = -1/3 + sqrt(2)*I/3')): 100%|##########| 30/30 [00:00<00:00, 45.19it/s]
                                                                                                                                       
