Manim Community v0.18.1

[10/30/25 23:35:14] INFO     Animation 0 : Partial     scene_file_writer.py:527
                             movie file written in                             
                             'C:\Users\FerFisX\Desktop                         
                             \VideoGenerator\app\stora                         
                             ge\local_store\97b08fa2\m                         
                             edia\videos\manim_code\48                         
                             0p15\partial_movie_files\                         
                             SolutionScene\1185818338_                         
                             1165490819_223132457.mp4'                         
[10/30/25 23:35:15] INFO     Animation 1 : Partial     scene_file_writer.py:527
                             movie file written in                             
                             'C:\Users\FerFisX\Desktop                         
                             \VideoGenerator\app\stora                         
                             ge\local_store\97b08fa2\m                         
                             edia\videos\manim_code\48                         
                             0p15\partial_movie_files\                         
                             SolutionScene\624642324_1                         
                             959358871_2165052867.mp4'                         
                    INFO     Animation 2 : Partial     scene_file_writer.py:527
                             movie file written in                             
                             'C:\Users\FerFisX\Desktop                         
                             \VideoGenerator\app\stora                         
                             ge\local_store\97b08fa2\m                         
                             edia\videos\manim_code\48                         
                             0p15\partial_movie_files\                         
                             SolutionScene\624642324_1                         
                             868635907_2119072879.mp4'                         
[10/30/25 23:35:17] INFO     Animation 3 : Partial     scene_file_writer.py:527
                             movie file written in                             
                             'C:\Users\FerFisX\Desktop                         
                             \VideoGenerator\app\stora                         
                             ge\local_store\97b08fa2\m                         
                             edia\videos\manim_code\48                         
                             0p15\partial_movie_files\                         
                             SolutionScene\624642324_2                         
                             016684241_4131132508.mp4'                         
[10/30/25 23:35:18] INFO     Animation 4 : Partial     scene_file_writer.py:527
                             movie file written in                             
                             'C:\Users\FerFisX\Desktop                         
                             \VideoGenerator\app\stora                         
                             ge\local_store\97b08fa2\m                         
                             edia\videos\manim_code\48                         
                             0p15\partial_movie_files\                         
                             SolutionScene\624642324_1                         
                             750816965_224288140.mp4'                          
[10/30/25 23:35:20] INFO     Animation 5 : Partial     scene_file_writer.py:527
                             movie file written in                             
                             'C:\Users\FerFisX\Desktop                         
                             \VideoGenerator\app\stora                         
                             ge\local_store\97b08fa2\m                         
                             edia\videos\manim_code\48                         
                             0p15\partial_movie_files\                         
                             SolutionScene\624642324_3                         
                             146109673_2330187562.mp4'                         
[10/30/25 23:35:21] INFO     Animation 6 : Partial     scene_file_writer.py:527
                             movie file written in                             
                             'C:\Users\FerFisX\Desktop                         
                             \VideoGenerator\app\stora                         
                             ge\local_store\97b08fa2\m                         
                             edia\videos\manim_code\48                         
                             0p15\partial_movie_files\                         
                             SolutionScene\624642324_1                         
                             959358871_3340666464.mp4'                         
[10/30/25 23:35:22] INFO     Animation 7 : Partial     scene_file_writer.py:527
                             movie file written in                             
                             'C:\Users\FerFisX\Desktop                         
                             \VideoGenerator\app\stora                         
                             ge\local_store\97b08fa2\m                         
                             edia\videos\manim_code\48                         
                             0p15\partial_movie_files\                         
                             SolutionScene\624642324_4                         
                             144658778_574630669.mp4'                          
[10/30/25 23:35:23] INFO     Animation 8 : Partial     scene_file_writer.py:527
                             movie file written in                             
                             'C:\Users\FerFisX\Desktop                         
                             \VideoGenerator\app\stora                         
                             ge\local_store\97b08fa2\m                         
                             edia\videos\manim_code\48                         
                             0p15\partial_movie_files\                         
                             SolutionScene\624642324_1                         
                             590445448_758497372.mp4'                          
[10/30/25 23:35:24] INFO     Animation 9 : Partial     scene_file_writer.py:527
                             movie file written in                             
                             'C:\Users\FerFisX\Desktop                         
                             \VideoGenerator\app\stora                         
                             ge\local_store\97b08fa2\m                         
                             edia\videos\manim_code\48                         
                             0p15\partial_movie_files\                         
                             SolutionScene\624642324_3                         
                             631036831_889583258.mp4'                          
[10/30/25 23:35:26] INFO     Animation 10 : Partial    scene_file_writer.py:527
                             movie file written in                             
                             'C:\Users\FerFisX\Desktop                         
                             \VideoGenerator\app\stora                         
                             ge\local_store\97b08fa2\m                         
                             edia\videos\manim_code\48                         
                             0p15\partial_movie_files\                         
                             SolutionScene\624642324_1                         
                             864197342_3840489371.mp4'                         
[10/30/25 23:35:27] INFO     Animation 11 : Partial    scene_file_writer.py:527
                             movie file written in                             
                             'C:\Users\FerFisX\Desktop                         
                             \VideoGenerator\app\stora                         
                             ge\local_store\97b08fa2\m                         
                             edia\videos\manim_code\48                         
                             0p15\partial_movie_files\                         
                             SolutionScene\624642324_1                         
                             959358871_2767707397.mp4'                         
[10/30/25 23:35:29] INFO     Animation 12 : Partial    scene_file_writer.py:527
                             movie file written in                             
                             'C:\Users\FerFisX\Desktop                         
                             \VideoGenerator\app\stora                         
                             ge\local_store\97b08fa2\m                         
                             edia\videos\manim_code\48                         
                             0p15\partial_movie_files\                         
                             SolutionScene\624642324_2                         
                             657079214_3225202723.mp4'                         
[10/30/25 23:35:30] INFO     Animation 13 : Partial    scene_file_writer.py:527
                             movie file written in                             
                             'C:\Users\FerFisX\Desktop                         
                             \VideoGenerator\app\stora                         
                             ge\local_store\97b08fa2\m                         
                             edia\videos\manim_code\48                         
                             0p15\partial_movie_files\                         
                             SolutionScene\624642324_4                         
                             239536450_648508397.mp4'                          
[10/30/25 23:35:31] INFO     Animation 14 : Partial    scene_file_writer.py:527
                             movie file written in                             
                             'C:\Users\FerFisX\Desktop                         
                             \VideoGenerator\app\stora                         
                             ge\local_store\97b08fa2\m                         
                             edia\videos\manim_code\48                         
                             0p15\partial_movie_files\                         
                             SolutionScene\624642324_1                         
                             795488206_1298104758.mp4'                         
[10/30/25 23:35:33] INFO     Animation 15 : Partial    scene_file_writer.py:527
                             movie file written in                             
                             'C:\Users\FerFisX\Desktop                         
                             \VideoGenerator\app\stora                         
                             ge\local_store\97b08fa2\m                         
                             edia\videos\manim_code\48                         
                             0p15\partial_movie_files\                         
                             SolutionScene\624642324_3                         
                             037980264_486320463.mp4'                          
[10/30/25 23:35:34] INFO     Animation 16 : Partial    scene_file_writer.py:527
                             movie file written in                             
                             'C:\Users\FerFisX\Desktop                         
                             \VideoGenerator\app\stora                         
                             ge\local_store\97b08fa2\m                         
                             edia\videos\manim_code\48                         
                             0p15\partial_movie_files\                         
                             SolutionScene\624642324_1                         
                             959358871_3190308710.mp4'                         
[10/30/25 23:35:37] INFO     Animation 17 : Partial    scene_file_writer.py:527
                             movie file written in                             
                             'C:\Users\FerFisX\Desktop                         
                             \VideoGenerator\app\stora                         
                             ge\local_store\97b08fa2\m                         
                             edia\videos\manim_code\48                         
                             0p15\partial_movie_files\                         
                             SolutionScene\624642324_2                         
                             22855536_1440186541.mp4'                          
                    INFO     Animation 18 : Partial    scene_file_writer.py:527
                             movie file written in                             
                             'C:\Users\FerFisX\Desktop                         
                             \VideoGenerator\app\stora                         
                             ge\local_store\97b08fa2\m                         
                             edia\videos\manim_code\48                         
                             0p15\partial_movie_files\                         
                             SolutionScene\624642324_3                         
                             47099732_2353627841.mp4'                          
[10/30/25 23:35:38] INFO     Animation 19 : Partial    scene_file_writer.py:527
                             movie file written in                             
                             'C:\Users\FerFisX\Desktop                         
                             \VideoGenerator\app\stora                         
                             ge\local_store\97b08fa2\m                         
                             edia\videos\manim_code\48                         
                             0p15\partial_movie_files\                         
                             SolutionScene\624642324_1                         
                             141282389_1179147017.mp4'                         
                    INFO     Combining to Movie file.  scene_file_writer.py:617
                    INFO                               scene_file_writer.py:737
                             File ready at                                     
                             'C:\Users\FerFisX\Desktop                         
                             \VideoGenerator\app\stora                         
                             ge\local_store\97b08fa2\m                         
                             edia\videos\manim_code\48                         
                             0p15\video.mp4'                                   
                                                                               
                    INFO     Rendered SolutionScene                scene.py:247
                             Played 20 animations                              
You are using manim version v0.18.1, but version v0.19.0 is available.
You should consider upgrading via pip install -U manim
