
Animation 0: Write(Text('Problema: x**2 - 3*x + 2 = 0')):   0%|          | 0/30 [00:00<?, ?it/s]
Animation 0: Write(Text('Problema: x**2 - 3*x + 2 = 0')):  17%|#6        | 5/30 [00:00<00:00, 48.21it/s]
Animation 0: Write(Text('Problema: x**2 - 3*x + 2 = 0')):  37%|###6      | 11/30 [00:00<00:00, 54.03it/s]
Animation 0: Write(Text('Problema: x**2 - 3*x + 2 = 0')):  57%|#####6    | 17/30 [00:00<00:00, 51.35it/s]
Animation 0: Write(Text('Problema: x**2 - 3*x + 2 = 0')):  77%|#######6  | 23/30 [00:00<00:00, 45.84it/s]
Animation 0: Write(Text('Problema: x**2 - 3*x + 2 = 0')):  93%|#########3| 28/30 [00:00<00:00, 45.22it/s]
                                                                                                         

Animation 2: FadeOut(Text('Problema: x**2 - 3*x + 2 = 0')):   0%|          | 0/15 [00:00<?, ?it/s]
Animation 2: FadeOut(Text('Problema: x**2 - 3*x + 2 = 0')):  53%|#####3    | 8/15 [00:00<00:00, 74.97it/s]
                                                                                                          

Animation 3: Write(Text('Paso 1: (x - 2)*(x - 1) = 0')):   0%|          | 0/30 [00:00<?, ?it/s]
Animation 3: Write(Text('Paso 1: (x - 2)*(x - 1) = 0')):  30%|###       | 9/30 [00:00<00:00, 85.13it/s]
Animation 3: Write(Text('Paso 1: (x - 2)*(x - 1) = 0')):  60%|######    | 18/30 [00:00<00:00, 79.39it/s]
Animation 3: Write(Text('Paso 1: (x - 2)*(x - 1) = 0')):  90%|######### | 27/30 [00:00<00:00, 82.27it/s]
                                                                                                        

Animation 4: Write(Text('Regla: factorización')):   0%|          | 0/30 [00:00<?, ?it/s]
Animation 4: Write(Text('Regla: factorización')):  27%|##6       | 8/30 [00:00<00:00, 71.74it/s]
Animation 4: Write(Text('Regla: factorización')):  53%|#####3    | 16/30 [00:00<00:00, 75.91it/s]
Animation 4: Write(Text('Regla: factorización')):  80%|########  | 24/30 [00:00<00:00, 77.64it/s]
                                                                                                 

Animation 5: Write(Text('Factorizamos el trinomio en dos binomios.')):   0%|          | 0/30 [00:00<?, ?it/s]
Animation 5: Write(Text('Factorizamos el trinomio en dos binomios.')):  20%|##        | 6/30 [00:00<00:00, 53.24it/s]
Animation 5: Write(Text('Factorizamos el trinomio en dos binomios.')):  40%|####      | 12/30 [00:00<00:00, 45.42it/s]
Animation 5: Write(Text('Factorizamos el trinomio en dos binomios.')):  57%|#####6    | 17/30 [00:00<00:00, 43.37it/s]
Animation 5: Write(Text('Factorizamos el trinomio en dos binomios.')):  73%|#######3  | 22/30 [00:00<00:00, 45.19it/s]
Animation 5: Write(Text('Factorizamos el trinomio en dos binomios.')):  90%|######### | 27/30 [00:00<00:00, 45.75it/s]
                                                                                                                      

Animation 7: FadeOut(Group):   0%|          | 0/15 [00:00<?, ?it/s]
Animation 7: FadeOut(Group):  20%|##        | 3/15 [00:00<00:00, 28.65it/s]
Animation 7: FadeOut(Group):  40%|####      | 6/15 [00:00<00:00, 28.65it/s]
Animation 7: FadeOut(Group):  60%|######    | 9/15 [00:00<00:00, 28.04it/s]
Animation 7: FadeOut(Group):  80%|########  | 12/15 [00:00<00:00, 28.07it/s]
                                                                            

Animation 8: Write(Text('Paso 2: x=1 o x=2')):   0%|          | 0/15 [00:00<?, ?it/s]
Animation 8: Write(Text('Paso 2: x=1 o x=2')):  67%|######6   | 10/15 [00:00<00:00, 91.54it/s]
                                                                                              

Animation 9: Write(Text('Regla: propiedad del producto nulo')):   0%|          | 0/30 [00:00<?, ?it/s]
Animation 9: Write(Text('Regla: propiedad del producto nulo')):  27%|##6       | 8/30 [00:00<00:00, 70.97it/s]
Animation 9: Write(Text('Regla: propiedad del producto nulo')):  53%|#####3    | 16/30 [00:00<00:00, 58.11it/s]
Animation 9: Write(Text('Regla: propiedad del producto nulo')):  73%|#######3  | 22/30 [00:00<00:00, 54.36it/s]
Animation 9: Write(Text('Regla: propiedad del producto nulo')):  93%|#########3| 28/30 [00:00<00:00, 54.13it/s]
                                                                                                               

Animation 10: Write(Text('Si un producto es cero, uno de los factores debe anularse.')):   0%|          | 0/30 [00:00<?, ?it/s]
Animation 10: Write(Text('Si un producto es cero, uno de los factores debe anularse.')):  17%|#6        | 5/30 [00:00<00:00, 46.42it/s]
Animation 10: Write(Text('Si un producto es cero, uno de los factores debe anularse.')):  33%|###3      | 10/30 [00:00<00:00, 41.66it/s]
Animation 10: Write(Text('Si un producto es cero, uno de los factores debe anularse.')):  50%|#####     | 15/30 [00:00<00:00, 42.52it/s]
Animation 10: Write(Text('Si un producto es cero, uno de los factores debe anularse.')):  67%|######6   | 20/30 [00:00<00:00, 39.96it/s]
Animation 10: Write(Text('Si un producto es cero, uno de los factores debe anularse.')):  83%|########3 | 25/30 [00:00<00:00, 40.01it/s]
Animation 10: Write(Text('Si un producto es cero, uno de los factores debe anularse.')): 100%|##########| 30/30 [00:00<00:00, 39.51it/s]
                                                                                                                                        

Animation 12: FadeOut(Group):   0%|          | 0/15 [00:00<?, ?it/s]
Animation 12: FadeOut(Group):  20%|##        | 3/15 [00:00<00:00, 24.66it/s]
Animation 12: FadeOut(Group):  40%|####      | 6/15 [00:00<00:00, 22.89it/s]
Animation 12: FadeOut(Group):  60%|######    | 9/15 [00:00<00:00, 20.31it/s]
Animation 12: FadeOut(Group):  80%|########  | 12/15 [00:00<00:00, 20.21it/s]
Animation 12: FadeOut(Group): 100%|##########| 15/15 [00:00<00:00, 21.23it/s]
                                                                             

Animation 13: Write(Text('Paso 3: x = 1, x = 2')):   0%|          | 0/15 [00:00<?, ?it/s]
Animation 13: Write(Text('Paso 3: x = 1, x = 2')):  67%|######6   | 10/15 [00:00<00:00, 95.49it/s]
                                                                                                  

Animation 14: Write(Text('Regla: aislar la variable')):   0%|          | 0/30 [00:00<?, ?it/s]
Animation 14: Write(Text('Regla: aislar la variable')):  27%|##6       | 8/30 [00:00<00:00, 78.66it/s]
Animation 14: Write(Text('Regla: aislar la variable')):  57%|#####6    | 17/30 [00:00<00:00, 79.40it/s]
Animation 14: Write(Text('Regla: aislar la variable')):  83%|########3 | 25/30 [00:00<00:00, 73.94it/s]
                                                                                                       

Animation 15: Write(Text('Resolvemos cada ecuación lineal para encontrar los valores de la incógnita.')):   0%|          | 0/30 [00:00<?, ?it/s]
Animation 15: Write(Text('Resolvemos cada ecuación lineal para encontrar los valores de la incógnita.')):  13%|#3        | 4/30 [00:00<00:00, 30.38it/s]
Animation 15: Write(Text('Resolvemos cada ecuación lineal para encontrar los valores de la incógnita.')):  27%|##6       | 8/30 [00:00<00:00, 31.22it/s]
Animation 15: Write(Text('Resolvemos cada ecuación lineal para encontrar los valores de la incógnita.')):  40%|####      | 12/30 [00:00<00:00, 28.57it/s]
Animation 15: Write(Text('Resolvemos cada ecuación lineal para encontrar los valores de la incógnita.')):  50%|#####     | 15/30 [00:00<00:00, 27.55it/s]
Animation 15: Write(Text('Resolvemos cada ecuación lineal para encontrar los valores de la incógnita.')):  63%|######3   | 19/30 [00:00<00:00, 29.15it/s]
Animation 15: Write(Text('Resolvemos cada ecuación lineal para encontrar los valores de la incógnita.')):  73%|#######3  | 22/30 [00:00<00:00, 27.68it/s]
Animation 15: Write(Text('Resolvemos cada ecuación lineal para encontrar los valores de la incógnita.')):  83%|########3 | 25/30 [00:00<00:00, 27.65it/s]
Animation 15: Write(Text('Resolvemos cada ecuación lineal para encontrar los valores de la incógnita.')):  97%|#########6| 29/30 [00:01<00:00, 28.50it/s]
                                                                                                                                                         

Animation 17: FadeOut(Group):   0%|          | 0/15 [00:00<?, ?it/s]
Animation 17: FadeOut(Group):  20%|##        | 3/15 [00:00<00:00, 20.75it/s]
Animation 17: FadeOut(Group):  40%|####      | 6/15 [00:00<00:00, 18.63it/s]
Animation 17: FadeOut(Group):  53%|#####3    | 8/15 [00:00<00:00, 16.47it/s]
Animation 17: FadeOut(Group):  73%|#######3  | 11/15 [00:00<00:00, 18.73it/s]
Animation 17: FadeOut(Group):  93%|#########3| 14/15 [00:00<00:00, 20.10it/s]
                                                                             

Animation 18: Write(Text('Solución: x = 1 , x = 2')):   0%|          | 0/30 [00:00<?, ?it/s]
Animation 18: Write(Text('Solución: x = 1 , x = 2')):  33%|###3      | 10/30 [00:00<00:00, 93.71it/s]
Animation 18: Write(Text('Solución: x = 1 , x = 2')):  67%|######6   | 20/30 [00:00<00:00, 92.67it/s]
                                                                                                     
