
Animation 0: Write(Tex('Problema: x**2 - 5*x + 6 = 0')):   0%|          | 0/30 [00:00<?, ?it/s]
Animation 0: Write(Tex('Problema: x**2 - 5*x + 6 = 0')):  30%|###       | 9/30 [00:00<00:00, 85.14it/s]
Animation 0: Write(Tex('Problema: x**2 - 5*x + 6 = 0')):  60%|######    | 18/30 [00:00<00:00, 84.20it/s]
Animation 0: Write(Tex('Problema: x**2 - 5*x + 6 = 0')):  93%|#########3| 28/30 [00:00<00:00, 89.29it/s]
                                                                                                        

Animation 2: FadeOut(Tex('Problema: x**2 - 5*x + 6 = 0')):   0%|          | 0/15 [00:00<?, ?it/s]
Animation 2: FadeOut(Tex('Problema: x**2 - 5*x + 6 = 0')):  73%|#######3  | 11/15 [00:00<00:00, 100.24it/s]
                                                                                                           

Animation 3: Write(Tex('Paso 1: (x - 3)*(x - 2) = 0')):   0%|          | 0/30 [00:00<?, ?it/s]
Animation 3: Write(Tex('Paso 1: (x - 3)*(x - 2) = 0')):  33%|###3      | 10/30 [00:00<00:00, 92.84it/s]
Animation 3: Write(Tex('Paso 1: (x - 3)*(x - 2) = 0')):  67%|######6   | 20/30 [00:00<00:00, 86.26it/s]
Animation 3: Write(Tex('Paso 1: (x - 3)*(x - 2) = 0')): 100%|##########| 30/30 [00:00<00:00, 88.79it/s]
                                                                                                       

Animation 4: Write(Tex('Regla: factorización')):   0%|          | 0/30 [00:00<?, ?it/s]
Animation 4: Write(Tex('Regla: factorización')):  30%|###       | 9/30 [00:00<00:00, 87.64it/s]
Animation 4: Write(Tex('Regla: factorización')):  63%|######3   | 19/30 [00:00<00:00, 88.79it/s]
Animation 4: Write(Tex('Regla: factorización')):  93%|#########3| 28/30 [00:00<00:00, 86.77it/s]
                                                                                                

Animation 5: Write(Tex('Factorizamos el trinomio en dos binomios.')):   0%|          | 0/30 [00:00<?, ?it/s]
Animation 5: Write(Tex('Factorizamos el trinomio en dos binomios.')):  20%|##        | 6/30 [00:00<00:00, 55.70it/s]
Animation 5: Write(Tex('Factorizamos el trinomio en dos binomios.')):  40%|####      | 12/30 [00:00<00:00, 47.66it/s]
Animation 5: Write(Tex('Factorizamos el trinomio en dos binomios.')):  63%|######3   | 19/30 [00:00<00:00, 54.19it/s]
Animation 5: Write(Tex('Factorizamos el trinomio en dos binomios.')):  83%|########3 | 25/30 [00:00<00:00, 52.76it/s]
                                                                                                                     

Animation 7: FadeOut(Group):   0%|          | 0/15 [00:00<?, ?it/s]
Animation 7: FadeOut(Group):  27%|##6       | 4/15 [00:00<00:00, 39.72it/s]
Animation 7: FadeOut(Group):  60%|######    | 9/15 [00:00<00:00, 40.17it/s]
Animation 7: FadeOut(Group):  93%|#########3| 14/15 [00:00<00:00, 39.99it/s]
                                                                            

Animation 8: Write(Tex('Paso 2: x=2 o x=3')):   0%|          | 0/15 [00:00<?, ?it/s]
Animation 8: Write(Tex('Paso 2: x=2 o x=3')):  67%|######6   | 10/15 [00:00<00:00, 94.62it/s]
                                                                                             

Animation 9: Write(Tex('Regla: propiedad del producto nulo')):   0%|          | 0/30 [00:00<?, ?it/s]
Animation 9: Write(Tex('Regla: propiedad del producto nulo')):  27%|##6       | 8/30 [00:00<00:00, 70.36it/s]
Animation 9: Write(Tex('Regla: propiedad del producto nulo')):  53%|#####3    | 16/30 [00:00<00:00, 67.57it/s]
Animation 9: Write(Tex('Regla: propiedad del producto nulo')):  77%|#######6  | 23/30 [00:00<00:00, 65.15it/s]
                                                                                                              

Animation 10: Write(Tex('Si un producto es cero, uno de los factores debe anularse.')):   0%|          | 0/30 [00:00<?, ?it/s]
Animation 10: Write(Tex('Si un producto es cero, uno de los factores debe anularse.')):  17%|#6        | 5/30 [00:00<00:00, 49.64it/s]
Animation 10: Write(Tex('Si un producto es cero, uno de los factores debe anularse.')):  33%|###3      | 10/30 [00:00<00:00, 49.07it/s]
Animation 10: Write(Tex('Si un producto es cero, uno de los factores debe anularse.')):  53%|#####3    | 16/30 [00:00<00:00, 49.39it/s]
Animation 10: Write(Tex('Si un producto es cero, uno de los factores debe anularse.')):  70%|#######   | 21/30 [00:00<00:00, 47.22it/s]
Animation 10: Write(Tex('Si un producto es cero, uno de los factores debe anularse.')):  90%|######### | 27/30 [00:00<00:00, 49.09it/s]
                                                                                                                                       

Animation 12: FadeOut(Group):   0%|          | 0/15 [00:00<?, ?it/s]
Animation 12: FadeOut(Group):  27%|##6       | 4/15 [00:00<00:00, 35.81it/s]
Animation 12: FadeOut(Group):  53%|#####3    | 8/15 [00:00<00:00, 36.00it/s]
Animation 12: FadeOut(Group):  80%|########  | 12/15 [00:00<00:00, 34.91it/s]
                                                                             

Animation 13: Write(Tex('Paso 3: x = 2, x = 3')):   0%|          | 0/15 [00:00<?, ?it/s]
Animation 13: Write(Tex('Paso 3: x = 2, x = 3')):  60%|######    | 9/15 [00:00<00:00, 82.79it/s]
                                                                                                

Animation 14: Write(Tex('Regla: aislar la variable')):   0%|          | 0/30 [00:00<?, ?it/s]
Animation 14: Write(Tex('Regla: aislar la variable')):  27%|##6       | 8/30 [00:00<00:00, 77.11it/s]
Animation 14: Write(Tex('Regla: aislar la variable')):  57%|#####6    | 17/30 [00:00<00:00, 80.97it/s]
Animation 14: Write(Tex('Regla: aislar la variable')):  93%|#########3| 28/30 [00:00<00:00, 89.93it/s]
                                                                                                      

Animation 15: Write(Tex('Resolvemos cada ecuación lineal para encontrar los valores de la incógnita.')):   0%|          | 0/30 [00:00<?, ?it/s]
Animation 15: Write(Tex('Resolvemos cada ecuación lineal para encontrar los valores de la incógnita.')):  13%|#3        | 4/30 [00:00<00:00, 39.32it/s]
Animation 15: Write(Tex('Resolvemos cada ecuación lineal para encontrar los valores de la incógnita.')):  27%|##6       | 8/30 [00:00<00:00, 38.43it/s]
Animation 15: Write(Tex('Resolvemos cada ecuación lineal para encontrar los valores de la incógnita.')):  40%|####      | 12/30 [00:00<00:00, 37.19it/s]
Animation 15: Write(Tex('Resolvemos cada ecuación lineal para encontrar los valores de la incógnita.')):  53%|#####3    | 16/30 [00:00<00:00, 37.72it/s]
Animation 15: Write(Tex('Resolvemos cada ecuación lineal para encontrar los valores de la incógnita.')):  67%|######6   | 20/30 [00:00<00:00, 36.40it/s]
Animation 15: Write(Tex('Resolvemos cada ecuación lineal para encontrar los valores de la incógnita.')):  80%|########  | 24/30 [00:00<00:00, 37.11it/s]
Animation 15: Write(Tex('Resolvemos cada ecuación lineal para encontrar los valores de la incógnita.')):  93%|#########3| 28/30 [00:00<00:00, 37.12it/s]
                                                                                                                                                        

Animation 17: FadeOut(Group):   0%|          | 0/15 [00:00<?, ?it/s]
Animation 17: FadeOut(Group):  27%|##6       | 4/15 [00:00<00:00, 32.34it/s]
Animation 17: FadeOut(Group):  53%|#####3    | 8/15 [00:00<00:00, 30.88it/s]
Animation 17: FadeOut(Group):  80%|########  | 12/15 [00:00<00:00, 30.65it/s]
                                                                             

Animation 18: Write(Tex('Solución: x = 2 , x = 3')):   0%|          | 0/30 [00:00<?, ?it/s]
Animation 18: Write(Tex('Solución: x = 2 , x = 3')):  27%|##6       | 8/30 [00:00<00:00, 73.59it/s]
Animation 18: Write(Tex('Solución: x = 2 , x = 3')):  60%|######    | 18/30 [00:00<00:00, 87.73it/s]
Animation 18: Write(Tex('Solución: x = 2 , x = 3')):  97%|#########6| 29/30 [00:00<00:00, 96.90it/s]
                                                                                                    
